<?xml version="1.0" encoding="UTF-8"?>
<!-- Generated by org.testng.reporters.JUnitReportReporter -->
<testsuite skipped="0" hostname="sysadm-Latitude-3480" name="com.snaptrude.tests.Login" tests="1" failures="0" timestamp="21 Mar 2018 14:52:12 GMT" time="3.535" errors="0">
  <testcase name="loginTest" time="3.535" classname="com.snaptrude.tests.Login"/>
</testsuite> <!-- com.snaptrude.tests.Login -->
