<?xml version="1.0" encoding="UTF-8"?>
<!-- Generated by org.testng.reporters.JUnitReportReporter -->
<testsuite skipped="0" hostname="sysadm-Latitude-3480" name="com.snaptrude.common.ConfigFileReader" tests="1" failures="0" timestamp="21 Mar 2018 13:46:05 GMT" time="0.009" errors="0">
  <testcase name="readPropertiesFile" time="0.009" classname="com.snaptrude.common.ConfigFileReader"/>
</testsuite> <!-- com.snaptrude.common.ConfigFileReader -->
