<?xml version="1.0" encoding="UTF-8"?>
<!-- Generated by org.testng.reporters.JUnitReportReporter -->
<testsuite skipped="0" hostname="sysadm-Latitude-3480" name="com.blippar.common.BrowserLaunchTest" tests="1" failures="0" timestamp="23 Jan 2018 06:12:40 GMT" time="50.624" errors="0">
  <testcase name="browserLaunch" time="50.624" classname="com.blippar.common.BrowserLaunchTest"/>
</testsuite> <!-- com.blippar.common.BrowserLaunchTest -->
