<?xml version="1.0" encoding="UTF-8"?>
<!-- Generated by org.testng.reporters.JUnitReportReporter -->
<testsuite skipped="0" hostname="sysadm-Latitude-3480" name="com.blippar.tests.CreateAccountTest" tests="1" failures="0" timestamp="30 Jan 2018 16:40:03 GMT" time="14.671" errors="0">
  <testcase name="createAccount" time="14.671" classname="com.blippar.tests.CreateAccountTest"/>
</testsuite> <!-- com.blippar.tests.CreateAccountTest -->
