<?xml version="1.0" encoding="UTF-8"?>
<!-- Generated by org.testng.reporters.JUnitReportReporter -->
<testsuite skipped="0" hostname="sysadm-Latitude-3480" name="com.snaptrude.tests.EmailSubcription" tests="1" failures="0" timestamp="21 Mar 2018 14:53:04 GMT" time="4.538" errors="0">
  <testcase name="emailSubScribe" time="4.538" classname="com.snaptrude.tests.EmailSubcription"/>
</testsuite> <!-- com.snaptrude.tests.EmailSubcription -->
